\BOOKMARK [0][]{chapter.1}{\376\377\0001\000\040\176\352\213\272}{}% 1
\BOOKMARK [1][]{section.1.1}{\376\377\0001\000.\0001\000\040\145\160\133\127\117\341\123\367\164\006\213\272\200\314\146\157}{chapter.1}% 2
\BOOKMARK [1][]{section.1.2}{\376\377\0001\000.\0002\000\040\213\376\172\013\121\205\133\271\116\016\201\011\176\334}{chapter.1}% 3
\BOOKMARK [0][]{chapter.2}{\376\377\0002\000\040\171\273\145\143\145\366\225\364\117\341\123\367\116\016\174\373\176\337}{}% 4
\BOOKMARK [1][]{section.2.1}{\376\377\0002\000.\0001\000\040\171\273\145\143\145\366\225\364\117\341\123\367}{chapter.2}% 5
\BOOKMARK [2][]{subsection.2.1.1}{\376\377\0002\000.\0001\000.\0001\000\040\133\232\116\111}{section.2.1}% 6
\BOOKMARK [2][]{subsection.2.1.2}{\376\377\0002\000.\0001\000.\0002\000\040\127\372\147\054\136\217\122\027}{section.2.1}% 7
\BOOKMARK [2][]{subsection.2.1.3}{\376\377\0002\000.\0001\000.\0003\000\040\127\372\147\054\217\320\173\227}{section.2.1}% 8
\BOOKMARK [1][]{section.2.2}{\376\377\0002\000.\0002\000\040\171\273\145\143\145\366\225\364\174\373\176\337}{chapter.2}% 9
\BOOKMARK [1][]{section.2.3}{\376\377\0002\000.\0003\000\040\176\277\140\047\145\366\116\015\123\330\174\373\176\337}{chapter.2}% 10
\BOOKMARK [1][]{section.2.4}{\376\377\0002\000.\0004\000\040\176\277\140\047\136\070\174\373\145\160\135\356\122\006\145\271\172\013}{chapter.2}% 11
\BOOKMARK [0][]{chapter.3}{\376\377\0003\000\040\171\273\145\143\145\366\225\364\174\373\176\337\123\330\143\142\127\337\122\006\147\220}{}% 12
\BOOKMARK [1][]{section.3.1}{\376\377\0003\000.\0001\000\040\171\273\145\143\145\366\225\364\120\205\221\314\123\366\123\330\143\142}{chapter.3}% 13
\BOOKMARK [2][]{subsection.3.1.1}{\376\377\0003\000.\0001\000.\0001\000\040\127\372\147\054\136\217\122\027\166\204\000\040\000D\000T\000F\000T}{section.3.1}% 14
\BOOKMARK [2][]{subsection.3.1.2}{\376\377\0003\000.\0001\000.\0002\000\040\000D\000T\000F\000T\000\040\116\073\211\201\140\047\215\050\116\345\123\312\133\232\164\006}{section.3.1}% 15
\BOOKMARK [2][]{subsection.3.1.3}{\376\377\0003\000.\0001\000.\0003\000\040\000D\000T\000F\000T\000\040\133\371\171\360\140\047}{section.3.1}% 16
\BOOKMARK [1][]{section.3.2}{\376\377\0003\000.\0002\000\040\000Z\000\040\123\330\143\142\123\312\121\166\123\315\123\330\143\142}{chapter.3}% 17
\BOOKMARK [2][]{subsection.3.2.1}{\376\377\0003\000.\0002\000.\0001\000\040\145\066\145\133\127\337}{section.3.2}% 18
\BOOKMARK [2][]{subsection.3.2.2}{\376\377\0003\000.\0002\000.\0002\000\040\140\047\215\050}{section.3.2}% 19
\BOOKMARK [2][]{subsection.3.2.3}{\376\377\0003\000.\0002\000.\0003\000\040\000Z\000\040\123\315\123\330\143\142}{section.3.2}% 20
\BOOKMARK [1][]{section.3.3}{\376\377\0003\000.\0003\000\040\174\373\176\337\121\375\145\160\116\016\230\221\163\207\166\370\136\224}{chapter.3}% 21
\BOOKMARK [2][]{subsection.3.3.1}{\376\377\0003\000.\0003\000.\0001\000\040\174\373\176\337\121\375\145\160\124\214\126\340\147\234\140\047\116\016\172\063\133\232\140\047}{section.3.3}% 22
\BOOKMARK [2][]{subsection.3.3.2}{\376\377\0003\000.\0003\000.\0002\000\040\230\221\163\207\124\315\136\224}{section.3.3}% 23
\BOOKMARK [2][]{subsection.3.3.3}{\376\377\0003\000.\0003\000.\0003\000\040\136\105\136\246\124\315\136\224}{section.3.3}% 24
\BOOKMARK [2][]{subsection.3.3.4}{\376\377\0003\000.\0003\000.\0004\000\040\166\370\117\115\124\315\136\224}{section.3.3}% 25
\BOOKMARK [1][]{section.3.4}{\376\377\0003\000.\0004\000\040\147\011\164\006\000\040\000L\000T\000I\000\040\174\373\176\337\136\105\166\370\162\171\140\047}{chapter.3}% 26
\BOOKMARK [2][]{subsection.3.4.1}{\376\377\0003\000.\0004\000.\0001\000\040\136\105\136\246\162\171\140\047\176\246\147\137\116\013\166\204\174\373\176\337\121\375\145\160}{section.3.4}% 27
\BOOKMARK [2][]{subsection.3.4.2}{\376\377\0003\000.\0004\000.\0002\000\040\121\150\220\032\174\373\176\337}{section.3.4}% 28
\BOOKMARK [2][]{subsection.3.4.3}{\376\377\0003\000.\0004\000.\0003\000\040\147\000\134\017\166\370\117\115\174\373\176\337}{section.3.4}% 29
\BOOKMARK [2][]{subsection.3.4.4}{\376\377\0003\000.\0004\000.\0004\000\040\220\006\174\373\176\337\116\016\131\061\167\037\210\145\120\177}{section.3.4}% 30
\BOOKMARK [2][]{subsection.3.4.5}{\376\377\0003\000.\0004\000.\0005\000\040\176\277\140\047\166\370\117\115\174\373\176\337}{section.3.4}% 31
\BOOKMARK [1][]{section.3.5}{\376\377\0003\000.\0005\000\040\176\277\140\047\166\370\117\115\122\006\211\343}{chapter.3}% 32
\BOOKMARK [1][]{section.3.6}{\376\377\0003\000.\0006\000\040\000F\000I\000R\000\040\124\214\000\040\000I\000I\000R}{chapter.3}% 33
\BOOKMARK [0][]{chapter.4}{\376\377\0004\000\040\117\341\123\367\221\307\150\067\116\016\221\315\147\204}{}% 34
\BOOKMARK [1][]{section.4.1}{\376\377\0004\000.\0001\000\040\164\006\140\363\124\150\147\037\221\307\150\067\221\315\147\204}{chapter.4}% 35
\BOOKMARK [2][]{subsection.4.1.1}{\376\377\0004\000.\0001\000.\0001\000\040\145\164\117\123\155\101\172\013}{section.4.1}% 36
\BOOKMARK [2][]{subsection.4.1.2}{\376\377\0004\000.\0001\000.\0002\000\040\221\307\150\067\133\232\164\006}{section.4.1}% 37
\BOOKMARK [2][]{subsection.4.1.3}{\376\377\0004\000.\0001\000.\0003\000\040\171\273\145\143\124\214\217\336\176\355\000\040\000L\000T\000I\000\040\174\373\176\337\166\204\173\111\145\110\140\047}{section.4.1}% 38
\BOOKMARK [1][]{section.4.2}{\376\377\0004\000.\0002\000\040\142\275\123\326\124\214\121\205\143\322}{chapter.4}% 39
\BOOKMARK [2][]{subsection.4.2.1}{\376\377\0004\000.\0002\000.\0001\000\040\117\341\123\367\166\204\145\164\120\015\145\160\221\307\150\067}{section.4.2}% 40
\BOOKMARK [2][]{subsection.4.2.2}{\376\377\0004\000.\0002\000.\0002\000\040\145\164\120\015\121\205\143\322}{section.4.2}% 41
\BOOKMARK [2][]{subsection.4.2.3}{\376\377\0004\000.\0002\000.\0003\000\040\227\136\145\164\145\160\120\015\142\275\123\326\124\214\121\205\143\322}{section.4.2}% 42
\BOOKMARK [2][]{subsection.4.2.4}{\376\377\0004\000.\0002\000.\0004\000\040\131\032\166\370\176\323\147\204}{section.4.2}% 43
\BOOKMARK [1][]{section.4.3}{\376\377\0004\000.\0003\000\040\135\345\172\013\225\356\230\230}{chapter.4}% 44
\BOOKMARK [1][]{section.4.4}{\376\377\0004\000.\0004\000\040\000D\000A\000\040\000\046\000\040\000D\000A}{chapter.4}% 45
\BOOKMARK [0][]{chapter.5}{\376\377\0005\000\040\171\273\145\143\120\205\221\314\123\366\123\330\123\026}{}% 46
\BOOKMARK [1][]{section.5.1}{\376\377\0005\000.\0001\000\040\171\273\145\143\120\205\172\313\123\366\176\247\145\160}{chapter.5}% 47
\BOOKMARK [1][]{section.5.2}{\376\377\0005\000.\0002\000\040\171\273\145\143\120\205\172\313\123\366\123\330\143\142}{chapter.5}% 48
\BOOKMARK [2][]{subsection.5.2.1}{\376\377\0005\000.\0002\000.\0001\000\040\230\221\127\337\221\307\150\067}{section.5.2}% 49
\BOOKMARK [2][]{subsection.5.2.2}{\376\377\0005\000.\0002\000.\0002\000\040\121\205\143\322\126\150\121\154\137\017}{section.5.2}% 50
\BOOKMARK [1][]{section.5.3}{\376\377\0005\000.\0003\000\040\171\273\145\143\120\205\221\314\123\366\123\330\143\142}{chapter.5}% 51
\BOOKMARK [2][]{subsection.5.3.1}{\376\377\0005\000.\0003\000.\0001\000\040\133\371\120\166\140\047}{section.5.3}% 52
\BOOKMARK [2][]{subsection.5.3.2}{\376\377\0005\000.\0003\000.\0002\000\040\140\047\215\050}{section.5.3}% 53
\BOOKMARK [1][]{section.5.4}{\376\377\0005\000.\0004\000\040\000D\000F\000T\000\040\137\353\220\037\173\227\154\325}{chapter.5}% 54
\BOOKMARK [2][]{subsection.5.4.1}{\376\377\0005\000.\0004\000.\0001\000\040\142\010\154\375\134\024\173\227\154\325}{section.5.4}% 55
\BOOKMARK [2][]{subsection.5.4.2}{\376\377\0005\000.\0004\000.\0002\000\040\127\372\0002\000-\000F\000F\000T}{section.5.4}% 56
\BOOKMARK [2][]{subsection.5.4.3}{\376\377\0005\000.\0004\000.\0003\000\040\176\277\140\047\214\003\230\221\000\040\000Z\000\040\123\330\143\142}{section.5.4}% 57
\BOOKMARK [1][]{section.5.5}{\376\377\0005\000.\0005\000\040\000D\000F\000T\000\040\166\204\135\345\172\013\136\224\165\050}{chapter.5}% 58
\BOOKMARK [2][]{subsection.5.5.1}{\376\377\0005\000.\0005\000.\0001\000\040\230\221\214\061\154\304\157\017}{section.5.5}% 59
\BOOKMARK [1][]{section.5.6}{\376\377\0005\000.\0006\000\040\000F\000F\000T\000\040\133\236\163\260\000\040\000F\000I\000R}{chapter.5}% 60
\BOOKMARK [0][]{chapter.6}{\376\377\0006\000\040\156\344\154\342\126\150\213\276\213\241\127\372\170\100}{}% 61
\BOOKMARK [1][]{section.6.1}{\376\377\0006\000.\0001\000\040\156\344\154\342\126\150\146\057\116\300\116\110}{chapter.6}% 62
\BOOKMARK [2][]{subsection.6.1.1}{\376\377\0006\000.\0001\000.\0001\000\040\156\344\154\342\126\150\127\372\170\100\151\202\137\365}{section.6.1}% 63
\BOOKMARK [2][]{subsection.6.1.2}{\376\377\0006\000.\0001\000.\0002\000\040\156\344\154\342\126\150\213\276\213\241\153\145\232\244}{section.6.1}% 64
\BOOKMARK [2][]{subsection.6.1.3}{\376\377\0006\000.\0001\000.\0003\000\040\140\047\200\375\143\007\150\007}{section.6.1}% 65
\BOOKMARK [1][]{section.6.2}{\376\377\0006\000.\0002\000\040\156\344\154\342\126\150\176\323\147\204}{chapter.6}% 66
\BOOKMARK [2][]{subsection.6.2.1}{\376\377\0006\000.\0002\000.\0001\000\040\000I\000I\000R\000\040\127\372\147\054\176\323\147\204}{section.6.2}% 67
\BOOKMARK [2][]{subsection.6.2.2}{\376\377\0006\000.\0002\000.\0002\000\040\000F\000I\000R\000\040\127\372\147\054\176\323\147\204}{section.6.2}% 68
\BOOKMARK [1][]{section.6.3}{\376\377\0006\000.\0003\000\040\152\041\142\337\127\337\213\276\213\241}{chapter.6}% 69
\BOOKMARK [2][]{subsection.6.3.1}{\376\377\0006\000.\0003\000.\0001\000\040\121\262\157\300\124\315\136\224\116\015\123\330\154\325}{section.6.3}% 70
\BOOKMARK [2][]{subsection.6.3.2}{\376\377\0006\000.\0003\000.\0002\000\040\123\314\176\277\140\047\000\040\000Z\000\040\123\330\143\142}{section.6.3}% 71
\BOOKMARK [3][]{subsubsection.6.3.2.1}{\376\377\0006\000.\0003\000.\0002\000.\0001\000\040\230\221\163\207\230\204\165\170\123\330}{subsection.6.3.2}% 72
\BOOKMARK [2][]{subsection.6.3.3}{\376\377\0006\000.\0003\000.\0003\000\040\145\160\133\127\230\221\136\046\123\330\143\142}{section.6.3}% 73
\BOOKMARK [1][]{section.6.4}{\376\377\0006\000.\0004\000\040\000F\000I\000R\000\040\147\000\117\030\123\026\121\306\122\031}{chapter.6}% 74
\BOOKMARK [2][]{subsection.6.4.1}{\376\377\0006\000.\0004\000.\0001\000\040\167\351\137\142\172\227}{section.6.4}% 75
\BOOKMARK [2][]{subsection.6.4.2}{\376\377\0006\000.\0004\000.\0002\000\040\116\011\211\322\172\227}{section.6.4}% 76
\BOOKMARK [2][]{subsection.6.4.3}{\376\377\0006\000.\0004\000.\0003\000\040\000H\000a\000n\000n\000i\000n\000g}{section.6.4}% 77
\BOOKMARK [2][]{subsection.6.4.4}{\376\377\0006\000.\0004\000.\0004\000\040\000H\000a\000m\000m\000i\000n\000g}{section.6.4}% 78
\BOOKMARK [2][]{subsection.6.4.5}{\376\377\0006\000.\0004\000.\0005\000\040\000B\000l\000a\000c\000k\000m\000a\000n}{section.6.4}% 79
\BOOKMARK [2][]{subsection.6.4.6}{\376\377\0006\000.\0004\000.\0006\000\040\000K\000a\000i\000s\000e\000r}{section.6.4}% 80
\BOOKMARK [0][]{chapter.7}{\376\377\0007\000\040\171\273\145\143\117\341\123\367\116\016\174\373\176\337}{}% 81
\BOOKMARK [1][]{section.7.1}{\376\377\0007\000.\0001\000\040\126\340\147\234\140\047\060\001\213\260\137\306\140\047}{chapter.7}% 82
\BOOKMARK [1][]{section.7.2}{\376\377\0007\000.\0002\000\040\000L\000T\000I\000\040\174\373\176\337}{chapter.7}% 83
\BOOKMARK [2][]{subsection.7.2.1}{\376\377\0007\000.\0002\000.\0001\000\040\126\340\147\234\174\373\176\337}{section.7.2}% 84
\BOOKMARK [2][]{subsection.7.2.2}{\376\377\0007\000.\0002\000.\0002\000\040\172\063\133\232\174\373\176\337}{section.7.2}% 85
\BOOKMARK [2][]{subsection.7.2.3}{\376\377\0007\000.\0002\000.\0003\000\040\162\171\137\201\230\221\163\207\116\016\000\040\000L\000T\000I\000\040\174\373\176\337}{section.7.2}% 86
\BOOKMARK [1][]{section.7.3}{\376\377\0007\000.\0003\000\040\135\356\122\006\145\271\172\013\166\204\226\066\145\160}{chapter.7}% 87
\BOOKMARK [0][]{chapter.8}{\376\377\0008\000\040\000D\000T\000F\000T\000\040\123\330\143\142}{}% 88
\BOOKMARK [1][]{section.8.1}{\376\377\0008\000.\0001\000\040\230\221\127\337\226\066\145\160}{chapter.8}% 89
\BOOKMARK [1][]{section.8.2}{\376\377\0008\000.\0002\000\040\174\373\176\337\213\276\213\241}{chapter.8}% 90
\BOOKMARK [1][]{section.8.3}{\376\377\0008\000.\0003\000\040\000D\000T\000F\000T\000\040\143\250\133\374\176\306\202\202}{chapter.8}% 91
\BOOKMARK [1][]{section.8.4}{\376\377\0008\000.\0004\000\040\000D\000T\000F\000T\000\040\133\371\171\360\140\047}{chapter.8}% 92
\BOOKMARK [1][]{section.8.5}{\376\377\0008\000.\0005\000\040\123\330\143\142\121\161\217\155\140\047\215\050}{chapter.8}% 93
\BOOKMARK [1][]{section.8.6}{\376\377\0008\000.\0006\000\040\000Z\000\040\123\330\143\142}{chapter.8}% 94
\BOOKMARK [1][]{section.8.7}{\376\377\0008\000.\0007\000\040\220\006\000\040\000Z\000\040\123\330\143\142}{chapter.8}% 95
\BOOKMARK [2][]{subsection.8.7.1}{\376\377\0008\000.\0007\000.\0001\000\040\220\350\122\006\122\006\137\017\154\325}{section.8.7}% 96
\BOOKMARK [1][]{section.8.8}{\376\377\0008\000.\0008\000\040\116\316\200\375\221\317\167\013\000\040\000Z\000\040\123\330\143\142\116\016\000\040\000D\000T\000F\000T}{chapter.8}% 97
\BOOKMARK [1][]{section.8.9}{\376\377\0008\000.\0009\000\040\000Z\000\040\123\330\143\142\116\016\145\366\127\337\230\221\127\337}{chapter.8}% 98
\BOOKMARK [1][]{section.8.10}{\376\377\0008\000.\0001\0000\000\040\174\373\176\337\226\366\147\201\160\271\116\016\230\221\163\207\124\315\136\224}{chapter.8}% 99
\BOOKMARK [2][]{subsection.8.10.1}{\376\377\0008\000.\0001\0000\000.\0001\000\040\136\105\136\246\124\315\136\224}{section.8.10}% 100
\BOOKMARK [2][]{subsection.8.10.2}{\376\377\0008\000.\0001\0000\000.\0002\000\040\166\370\117\115\124\315\136\224}{section.8.10}% 101
\BOOKMARK [1][]{section.8.11}{\376\377\0008\000.\0001\0001\000\040\000L\000T\000I\000\040\174\373\176\337\136\105\166\370\162\171\140\047\122\006\147\220}{chapter.8}% 102
\BOOKMARK [2][]{subsection.8.11.1}{\376\377\0008\000.\0001\0001\000.\0001\000\040\121\150\220\032\174\373\176\337}{section.8.11}% 103
\BOOKMARK [2][]{subsection.8.11.2}{\376\377\0008\000.\0001\0001\000.\0002\000\040\147\000\134\017\166\370\117\115\174\373\176\337}{section.8.11}% 104
\BOOKMARK [2][]{subsection.8.11.3}{\376\377\0008\000.\0001\0001\000.\0003\000\040\174\373\176\337\166\204\210\145\120\177}{section.8.11}% 105
\BOOKMARK [2][]{subsection.8.11.4}{\376\377\0008\000.\0001\0001\000.\0004\000\040\176\277\140\047\166\370\117\115\174\373\176\337}{section.8.11}% 106
\BOOKMARK [2][]{subsection.8.11.5}{\376\377\0008\000.\0001\0001\000.\0005\000\040\136\177\116\111\176\277\140\047\166\370\117\115\174\373\176\337}{section.8.11}% 107
\BOOKMARK [3][]{subsubsection.8.11.5.1}{\376\377\0008\000.\0001\0001\000.\0005\000.\0001\000\040\147\000\134\017\166\370\117\115\122\006\211\343}{subsection.8.11.5}% 108
\BOOKMARK [0][]{chapter.9}{\376\377\0009\000\040\131\015\116\140\230\230}{}% 109
\BOOKMARK [0][]{appendix.A}{\376\377\000A\000\040\226\366\147\201\160\271\136\105\136\246\166\370\117\115\170\024\172\166}{}% 110
