\BOOKMARK [0][]{chapter.1}{\376\377\0001\000\040\171\273\145\143\117\341\123\367\116\016\174\373\176\337}{}% 1
\BOOKMARK [1][]{section.1.1}{\376\377\0001\000.\0001\000\040\126\340\147\234\140\047\060\001\213\260\137\306\140\047}{chapter.1}% 2
\BOOKMARK [1][]{section.1.2}{\376\377\0001\000.\0002\000\040\000L\000T\000I\000\040\174\373\176\337}{chapter.1}% 3
\BOOKMARK [1][]{section.1.3}{\376\377\0001\000.\0003\000\040\135\356\122\006\145\271\172\013\166\204\226\066\145\160}{chapter.1}% 4
\BOOKMARK [0][]{chapter.2}{\376\377\0002\000\040\000D\000T\000F\000T\000\040\123\330\143\142}{}% 5
\BOOKMARK [1][]{section.2.1}{\376\377\0002\000.\0001\000\040\230\221\127\337\226\066\145\160}{chapter.2}% 6
\BOOKMARK [1][]{section.2.2}{\376\377\0002\000.\0002\000\040\174\373\176\337\213\276\213\241}{chapter.2}% 7
\BOOKMARK [1][]{section.2.3}{\376\377\0002\000.\0003\000\040\000D\000T\000F\000T\000\040\143\250\133\374\176\306\202\202}{chapter.2}% 8
\BOOKMARK [1][]{section.2.4}{\376\377\0002\000.\0004\000\040\000D\000T\000F\000T\000\040\133\371\171\360\140\047}{chapter.2}% 9
\BOOKMARK [1][]{section.2.5}{\376\377\0002\000.\0005\000\040\123\330\143\142\121\161\217\155\140\047\215\050}{chapter.2}% 10
\BOOKMARK [1][]{section.2.6}{\376\377\0002\000.\0006\000\040\000Z\000\040\123\330\143\142}{chapter.2}% 11
\BOOKMARK [1][]{section.2.7}{\376\377\0002\000.\0007\000\040\220\006\000\040\000Z\000\040\123\330\143\142}{chapter.2}% 12
\BOOKMARK [1][]{section.2.8}{\376\377\0002\000.\0008\000\040\116\316\200\375\221\317\167\013\000\040\000Z\000\040\123\330\143\142\116\016\000\040\000D\000T\000F\000T}{chapter.2}% 13
\BOOKMARK [1][]{section.2.9}{\376\377\0002\000.\0009\000\040\000Z\000\040\123\330\143\142\116\016\145\366\127\337\230\221\127\337}{chapter.2}% 14
\BOOKMARK [1][]{section.2.10}{\376\377\0002\000.\0001\0000\000\040\174\373\176\337\226\366\147\201\160\271\116\016\230\221\163\207\124\315\136\224}{chapter.2}% 15
\BOOKMARK [1][]{section.2.11}{\376\377\0002\000.\0001\0001\000\040\000L\000T\000I\000\040\174\373\176\337\136\105\166\370\162\171\140\047\122\006\147\220}{chapter.2}% 16
\BOOKMARK [0][]{chapter.3}{\376\377\0003\000\040\117\341\123\367\221\307\150\067\116\016\221\315\147\204}{}% 17
\BOOKMARK [1][]{section.3.1}{\376\377\0003\000.\0001\000\040\164\006\140\363\124\150\147\037\221\307\150\067\221\315\147\204}{chapter.3}% 18
\BOOKMARK [1][]{section.3.2}{\376\377\0003\000.\0002\000\040\217\336\176\355\117\341\123\367\166\204\171\273\145\143\123\026}{chapter.3}% 19
\BOOKMARK [1][]{section.3.3}{\376\377\0003\000.\0003\000\040\142\275\123\326\124\214\121\205\143\322}{chapter.3}% 20
\BOOKMARK [0][]{chapter.4}{\376\377\0004\000\040\171\273\145\143\120\205\221\314\123\366\123\330\143\142\123\312\121\166\137\353\220\037\173\227\154\325}{}% 21
\BOOKMARK [1][]{section.4.1}{\376\377\0004\000.\0001\000\040\126\333\174\173\120\205\221\314\123\366\123\330\143\142}{chapter.4}% 22
\BOOKMARK [1][]{section.4.2}{\376\377\0004\000.\0002\000\040\230\221\127\337\221\307\150\067\133\232\164\006}{chapter.4}% 23
\BOOKMARK [1][]{section.4.3}{\376\377\0004\000.\0003\000\040\000D\000F\000T}{chapter.4}% 24
\BOOKMARK [1][]{section.4.4}{\376\377\0004\000.\0004\000\040\000F\000F\000T}{chapter.4}% 25
\BOOKMARK [1][]{section.4.5}{\376\377\0004\000.\0005\000\040\142\010\154\375\134\024\173\227\154\325}{chapter.4}% 26
\BOOKMARK [1][]{section.4.6}{\376\377\0004\000.\0006\000\040\127\372\000\040\0002\000\040\000F\000F\000T}{chapter.4}% 27
\BOOKMARK [1][]{section.4.7}{\376\377\0004\000.\0007\000\040\000D\000F\000T\000\040\135\345\172\013\140\047\225\356\230\230}{chapter.4}% 28
\BOOKMARK [0][]{chapter.5}{\376\377\0005\000\040\131\015\116\140\230\230}{}% 29
\BOOKMARK [0][]{appendix.A}{\376\377\000A\000\040\226\366\147\201\160\271\136\105\136\246\166\370\117\115\170\024\172\166}{}% 30
